2024-10-04 14:13:18,673 - INFO - Waiting for connection...
2024-10-04 14:13:24,713 - INFO - Data sent: 1.01 KB
2024-10-04 14:13:24,714 - INFO - Data received: 0.56 KB
2024-10-04 14:13:24,714 - INFO - Total data usage: 1.57 KB
2024-10-04 14:14:45,243 - INFO - Data sent: 41.56 KB
2024-10-04 14:14:45,243 - INFO - Data received: 23.22 KB
2024-10-04 14:14:45,243 - INFO - Total data usage: 64.78 KB
2024-10-04 14:16:22,405 - INFO - Image data_images/04-10-2024_14:16:20.jpg is still being written, skipping for now.
2024-10-04 14:16:53,865 - INFO - Publishing data_images/04-10-2024_14:16:20.jpg
2024-10-04 14:16:53,867 - INFO - Data sent: 391.62 KB
2024-10-04 14:16:53,868 - INFO - Data received: 189.28 KB
2024-10-04 14:16:53,868 - INFO - Total data usage: 580.90 KB
2024-10-04 14:16:56,894 - INFO - Data sent: 2.25 KB
2024-10-04 14:16:56,894 - INFO - Data received: 1.39 KB
2024-10-04 14:16:56,895 - INFO - Total data usage: 3.64 KB
2024-10-04 14:18:57,170 - INFO - Data sent: 6.44 KB
2024-10-04 14:18:57,170 - INFO - Data received: 28.38 KB
2024-10-04 14:18:57,171 - INFO - Total data usage: 34.82 KB
2024-10-04 14:19:47,385 - INFO - Publishing data_images/04-10-2024_14:19:42.jpg
2024-10-04 14:19:47,387 - INFO - Data sent: 247.05 KB
2024-10-04 14:19:47,387 - INFO - Data received: 20.17 KB
2024-10-04 14:19:47,387 - INFO - Total data usage: 267.22 KB
2024-10-04 14:20:58,542 - INFO - Data sent: 2.50 KB
2024-10-04 14:20:58,543 - INFO - Data received: 1.51 KB
2024-10-04 14:20:58,543 - INFO - Total data usage: 4.01 KB
2024-10-04 14:22:59,785 - INFO - Data sent: 2.50 KB
2024-10-04 14:22:59,786 - INFO - Data received: 1.51 KB
2024-10-04 14:22:59,786 - INFO - Total data usage: 4.01 KB
2024-10-04 14:23:06,900 - INFO - Publishing data_images/04-10-2024_14:23:03.jpg
2024-10-04 14:23:06,902 - INFO - Data sent: 215.68 KB
2024-10-04 14:23:06,902 - INFO - Data received: 6.68 KB
2024-10-04 14:23:06,902 - INFO - Total data usage: 222.36 KB
2024-10-04 14:25:00,118 - INFO - Data sent: 2.25 KB
2024-10-04 14:25:00,118 - INFO - Data received: 1.39 KB
2024-10-04 14:25:00,119 - INFO - Total data usage: 3.64 KB
2024-10-04 14:26:42,267 - INFO - Publishing data_images/04-10-2024_14:26:25.jpg
2024-10-04 14:26:42,268 - INFO - Data sent: 246.85 KB
2024-10-04 14:26:42,269 - INFO - Data received: 32.63 KB
2024-10-04 14:26:42,269 - INFO - Total data usage: 279.49 KB
2024-10-04 14:27:01,323 - INFO - Data sent: 2.25 KB
2024-10-04 14:27:01,323 - INFO - Data received: 1.39 KB
2024-10-04 14:27:01,323 - INFO - Total data usage: 3.64 KB
2024-10-04 14:28:06,870 - INFO - Waiting for connection...
2024-10-04 14:29:02,924 - INFO - File data_ultrassonic/readings_04-10-2024_14:27:02.csv is empty, skipping...
2024-10-04 14:29:02,924 - INFO - Empty file data_ultrassonic/readings_04-10-2024_14:27:02.csv deleted.
2024-10-04 14:29:02,925 - INFO - Data sent: 0.00 KB
2024-10-04 14:29:02,925 - INFO - Data received: 0.00 KB
2024-10-04 14:29:02,925 - INFO - Total data usage: 0.00 KB
2024-10-04 14:29:25,999 - INFO - Data sent: 2.91 KB
2024-10-04 14:29:26,000 - INFO - Data received: 2.04 KB
2024-10-04 14:29:26,001 - INFO - Total data usage: 4.95 KB
