2024-08-31 17:49:28,183 - ERROR - An unexpected error occurred: module 'MQTTHandlerPublisher' has no attribute 'MQTTClientHandlerPublisher'
2024-08-31 17:50:00,305 - ERROR - An unexpected error occurred: module 'MQTTHandlerPublisher' has no attribute 'MQTTClientHandlerPublisher'
2024-08-31 17:50:23,174 - ERROR - An unexpected error occurred: 'MQTTHandlerPublisher' object has no attribute 'connected_flag'
2024-08-31 17:51:14,529 - INFO - Waiting for connection...
2024-08-31 17:51:15,545 - INFO - Publishing data/readings_2024-08-31_17-20-53.csv
2024-08-31 17:51:15,546 - ERROR - Error publishing message: 'MQTTHandlerPublisher' object has no attribute 'publish'
2024-08-31 17:51:15,546 - ERROR - Error publishing message: 'MQTTHandlerPublisher' object has no attribute 'publish'
2024-08-31 17:51:15,547 - ERROR - Error publishing message: 'MQTTHandlerPublisher' object has no attribute 'publish'
2024-08-31 17:51:15,547 - ERROR - Error publishing message: 'MQTTHandlerPublisher' object has no attribute 'publish'
2024-08-31 17:51:15,547 - ERROR - Error publishing message: 'MQTTHandlerPublisher' object has no attribute 'publish'
2024-08-31 17:51:15,547 - ERROR - Error publishing message: 'MQTTHandlerPublisher' object has no attribute 'publish'
2024-08-31 17:51:15,548 - ERROR - Error publishing message: 'MQTTHandlerPublisher' object has no attribute 'publish'
2024-08-31 17:51:15,548 - ERROR - Error publishing message: 'MQTTHandlerPublisher' object has no attribute 'publish'
2024-08-31 17:51:15,548 - ERROR - Error publishing message: 'MQTTHandlerPublisher' object has no attribute 'publish'
2024-08-31 17:51:15,549 - ERROR - Error publishing message: 'MQTTHandlerPublisher' object has no attribute 'publish'
2024-08-31 17:51:15,549 - ERROR - Error publishing message: 'MQTTHandlerPublisher' object has no attribute 'publish'
2024-08-31 17:51:15,550 - INFO - File data/readings_2024-08-31_17-50-41.csv is not ready for processing yet.
2024-08-31 17:51:15,550 - INFO - Publishing data/readings_2024-08-31_17-48-03.csv
2024-08-31 17:51:15,551 - ERROR - Error publishing message: 'MQTTHandlerPublisher' object has no attribute 'publish'
2024-08-31 17:51:15,551 - ERROR - Error publishing message: 'MQTTHandlerPublisher' object has no attribute 'publish'
2024-08-31 17:51:15,552 - INFO - Publishing data/readings_2024-08-31_17-48-38.csv
2024-08-31 17:51:15,553 - ERROR - Error publishing message: 'MQTTHandlerPublisher' object has no attribute 'publish'
2024-08-31 17:51:15,553 - ERROR - Error publishing message: 'MQTTHandlerPublisher' object has no attribute 'publish'
2024-08-31 17:51:15,553 - ERROR - Error publishing message: 'MQTTHandlerPublisher' object has no attribute 'publish'
2024-08-31 17:51:15,554 - ERROR - Error publishing message: 'MQTTHandlerPublisher' object has no attribute 'publish'
2024-08-31 17:51:15,554 - ERROR - Error publishing message: 'MQTTHandlerPublisher' object has no attribute 'publish'
2024-08-31 17:51:15,554 - ERROR - Error publishing message: 'MQTTHandlerPublisher' object has no attribute 'publish'
2024-08-31 17:51:15,554 - ERROR - Error publishing message: 'MQTTHandlerPublisher' object has no attribute 'publish'
2024-08-31 17:51:15,555 - ERROR - Error publishing message: 'MQTTHandlerPublisher' object has no attribute 'publish'
2024-08-31 17:51:15,555 - ERROR - Error publishing message: 'MQTTHandlerPublisher' object has no attribute 'publish'
2024-08-31 17:51:15,555 - ERROR - Error publishing message: 'MQTTHandlerPublisher' object has no attribute 'publish'
2024-08-31 17:51:15,556 - ERROR - Error publishing message: 'MQTTHandlerPublisher' object has no attribute 'publish'
2024-08-31 17:51:15,556 - ERROR - Error publishing message: 'MQTTHandlerPublisher' object has no attribute 'publish'
2024-08-31 17:52:15,583 - INFO - File data/readings_2024-08-31_17-50-41.csv is not ready for processing yet.
2024-08-31 17:53:15,636 - INFO - Publishing data/readings_2024-08-31_17-50-41.csv
2024-08-31 17:53:15,637 - ERROR - Error publishing message: 'MQTTHandlerPublisher' object has no attribute 'publish'
2024-08-31 17:53:15,638 - ERROR - Error publishing message: 'MQTTHandlerPublisher' object has no attribute 'publish'
2024-08-31 17:53:15,638 - ERROR - Error publishing message: 'MQTTHandlerPublisher' object has no attribute 'publish'
2024-08-31 17:53:15,639 - ERROR - Error publishing message: 'MQTTHandlerPublisher' object has no attribute 'publish'
2024-08-31 17:53:15,639 - ERROR - Error publishing message: 'MQTTHandlerPublisher' object has no attribute 'publish'
2024-08-31 17:53:15,639 - ERROR - Error publishing message: 'MQTTHandlerPublisher' object has no attribute 'publish'
2024-08-31 17:53:15,640 - ERROR - Error publishing message: 'MQTTHandlerPublisher' object has no attribute 'publish'
2024-08-31 17:53:15,640 - ERROR - Error publishing message: 'MQTTHandlerPublisher' object has no attribute 'publish'
2024-08-31 17:53:15,640 - ERROR - Error publishing message: 'MQTTHandlerPublisher' object has no attribute 'publish'
2024-08-31 17:53:15,641 - ERROR - Error publishing message: 'MQTTHandlerPublisher' object has no attribute 'publish'
2024-08-31 17:53:15,641 - ERROR - Error publishing message: 'MQTTHandlerPublisher' object has no attribute 'publish'
2024-08-31 17:53:15,642 - ERROR - Error publishing message: 'MQTTHandlerPublisher' object has no attribute 'publish'
2024-08-31 17:53:15,643 - INFO - File data/readings_2024-08-31_17-52-42.csv is not ready for processing yet.
2024-08-31 17:54:15,677 - INFO - File data/readings_2024-08-31_17-52-42.csv is not ready for processing yet.
2024-08-31 17:54:18,311 - INFO - Program interrupted by user.
2024-08-31 17:54:21,125 - INFO - Waiting for connection...
2024-08-31 17:54:22,157 - INFO - File data/readings_2024-08-31_17-52-42.csv is not ready for processing yet.
2024-08-31 17:55:22,218 - INFO - File data/readings_2024-08-31_17-54-43.csv is not ready for processing yet.
2024-08-31 17:55:22,218 - INFO - Publishing data/readings_2024-08-31_17-52-42.csv
2024-08-31 17:56:22,287 - INFO - File data/readings_2024-08-31_17-54-43.csv is not ready for processing yet.
2024-08-31 17:56:23,829 - INFO - Program interrupted by user.
2024-08-31 17:57:22,455 - INFO - Waiting for connection...
2024-08-31 17:57:35,556 - INFO - File data/readings_2024-08-31_17-56-56.csv is not ready for processing yet.
2024-08-31 17:57:35,557 - INFO - Publishing data/readings_2024-08-31_17-54-43.csv
2024-08-31 17:58:35,592 - INFO - File data/readings_2024-08-31_17-56-56.csv is not ready for processing yet.
2024-08-31 17:59:35,650 - INFO - File data/readings_2024-08-31_17-59-01.csv is not ready for processing yet.
2024-08-31 17:59:35,651 - INFO - Publishing data/readings_2024-08-31_17-56-56.csv
